{"/home/edohwares/Desktop/Room/drips/Ndanusa/crucible/frontend/src/App.css": {"path":"/home/edohwares/Desktop/Room/drips/Ndanusa/crucible/frontend/src/App.css","statementMap":{},"fnMap":{},"branchMap":{},"s":{},"f":{},"b":{},"meta":{"lastBranch":0,"lastFunction":0,"lastStatement":0,"seen":{}}}
,"/home/edohwares/Desktop/Room/drips/Ndanusa/crucible/frontend/src/App.tsx": {"path":"/home/edohwares/Desktop/Room/drips/Ndanusa/crucible/frontend/src/App.tsx","statementMap":{"0":{"start":{"line":12,"column":20},"end":{"line":12,"column":null}},"1":{"start":{"line":15,"column":26},"end":{"line":15,"column":null}},"2":{"start":{"line":16,"column":22},"end":{"line":16,"column":null}},"3":{"start":{"line":17,"column":20},"end":{"line":17,"column":null}},"4":{"start":{"line":18,"column":24},"end":{"line":18,"column":null}},"5":{"start":{"line":21,"column":20},"end":{"line":21,"column":null}},"6":{"start":{"line":22,"column":20},"end":{"line":22,"column":null}},"7":{"start":{"line":23,"column":24},"end":{"line":23,"column":null}},"8":{"start":{"line":25,"column":24},"end":{"line":45,"column":null}},"9":{"start":{"line":26,"column":4},"end":{"line":26,"column":null}},"10":{"start":{"line":27,"column":4},"end":{"line":27,"column":null}},"11":{"start":{"line":28,"column":4},"end":{"line":44,"column":null}},"12":{"start":{"line":29,"column":23},"end":{"line":33,"column":null}},"13":{"start":{"line":34,"column":19},"end":{"line":34,"column":null}},"14":{"start":{"line":35,"column":6},"end":{"line":39,"column":null}},"15":{"start":{"line":36,"column":8},"end":{"line":36,"column":null}},"16":{"start":{"line":38,"column":8},"end":{"line":38,"column":null}},"17":{"start":{"line":41,"column":6},"end":{"line":41,"column":null}},"18":{"start":{"line":43,"column":6},"end":{"line":43,"column":null}},"19":{"start":{"line":47,"column":24},"end":{"line":67,"column":null}},"20":{"start":{"line":48,"column":4},"end":{"line":48,"column":null}},"21":{"start":{"line":49,"column":4},"end":{"line":49,"column":null}},"22":{"start":{"line":50,"column":4},"end":{"line":66,"column":null}},"23":{"start":{"line":51,"column":23},"end":{"line":55,"column":null}},"24":{"start":{"line":56,"column":19},"end":{"line":56,"column":null}},"25":{"start":{"line":57,"column":6},"end":{"line":61,"column":null}},"26":{"start":{"line":58,"column":8},"end":{"line":58,"column":null}},"27":{"start":{"line":60,"column":8},"end":{"line":60,"column":null}},"28":{"start":{"line":63,"column":6},"end":{"line":63,"column":null}},"29":{"start":{"line":65,"column":6},"end":{"line":65,"column":null}},"30":{"start":{"line":69,"column":2},"end":{"line":283,"column":null}},"31":{"start":{"line":79,"column":27},"end":{"line":79,"column":null}},"32":{"start":{"line":87,"column":27},"end":{"line":87,"column":null}},"33":{"start":{"line":95,"column":27},"end":{"line":95,"column":null}},"34":{"start":{"line":103,"column":27},"end":{"line":103,"column":null}},"35":{"start":{"line":111,"column":27},"end":{"line":111,"column":null}},"36":{"start":{"line":119,"column":27},"end":{"line":119,"column":null}},"37":{"start":{"line":152,"column":35},"end":{"line":152,"column":null}},"38":{"start":{"line":161,"column":35},"end":{"line":161,"column":null}},"39":{"start":{"line":228,"column":35},"end":{"line":228,"column":null}},"40":{"start":{"line":264,"column":24},"end":{"line":268,"column":null}}},"fnMap":{"0":{"name":"App","decl":{"start":{"line":11,"column":9},"end":{"line":11,"column":15}},"loc":{"start":{"line":11,"column":15},"end":{"line":285,"column":null}},"line":11},"1":{"name":"(anonymous_1)","decl":{"start":{"line":25,"column":24},"end":{"line":25,"column":36}},"loc":{"start":{"line":25,"column":36},"end":{"line":45,"column":null}},"line":25},"2":{"name":"(anonymous_2)","decl":{"start":{"line":47,"column":24},"end":{"line":47,"column":36}},"loc":{"start":{"line":47,"column":36},"end":{"line":67,"column":null}},"line":47},"3":{"name":"(anonymous_3)","decl":{"start":{"line":79,"column":12},"end":{"line":79,"column":27}},"loc":{"start":{"line":79,"column":27},"end":{"line":79,"column":null}},"line":79},"4":{"name":"(anonymous_4)","decl":{"start":{"line":87,"column":12},"end":{"line":87,"column":27}},"loc":{"start":{"line":87,"column":27},"end":{"line":87,"column":null}},"line":87},"5":{"name":"(anonymous_5)","decl":{"start":{"line":95,"column":12},"end":{"line":95,"column":27}},"loc":{"start":{"line":95,"column":27},"end":{"line":95,"column":null}},"line":95},"6":{"name":"(anonymous_6)","decl":{"start":{"line":103,"column":12},"end":{"line":103,"column":27}},"loc":{"start":{"line":103,"column":27},"end":{"line":103,"column":null}},"line":103},"7":{"name":"(anonymous_7)","decl":{"start":{"line":111,"column":12},"end":{"line":111,"column":27}},"loc":{"start":{"line":111,"column":27},"end":{"line":111,"column":null}},"line":111},"8":{"name":"(anonymous_8)","decl":{"start":{"line":119,"column":12},"end":{"line":119,"column":27}},"loc":{"start":{"line":119,"column":27},"end":{"line":119,"column":null}},"line":119},"9":{"name":"(anonymous_9)","decl":{"start":{"line":152,"column":20},"end":{"line":152,"column":30}},"loc":{"start":{"line":152,"column":35},"end":{"line":152,"column":null}},"line":152},"10":{"name":"(anonymous_10)","decl":{"start":{"line":161,"column":20},"end":{"line":161,"column":30}},"loc":{"start":{"line":161,"column":35},"end":{"line":161,"column":null}},"line":161},"11":{"name":"(anonymous_11)","decl":{"start":{"line":228,"column":20},"end":{"line":228,"column":30}},"loc":{"start":{"line":228,"column":35},"end":{"line":228,"column":null}},"line":228},"12":{"name":"(anonymous_12)","decl":{"start":{"line":263,"column":50},"end":{"line":263,"column":55}},"loc":{"start":{"line":264,"column":24},"end":{"line":268,"column":null}},"line":264}},"branchMap":{"0":{"loc":{"start":{"line":35,"column":6},"end":{"line":39,"column":null}},"type":"if","locations":[{"start":{"line":35,"column":6},"end":{"line":39,"column":null}},{"start":{"line":37,"column":13},"end":{"line":39,"column":null}}],"line":35},"1":{"loc":{"start":{"line":38,"column":51},"end":{"line":38,"column":92}},"type":"binary-expr","locations":[{"start":{"line":38,"column":51},"end":{"line":38,"column":65}},{"start":{"line":38,"column":65},"end":{"line":38,"column":92}}],"line":38},"2":{"loc":{"start":{"line":57,"column":6},"end":{"line":61,"column":null}},"type":"if","locations":[{"start":{"line":57,"column":6},"end":{"line":61,"column":null}},{"start":{"line":59,"column":13},"end":{"line":61,"column":null}}],"line":57},"3":{"loc":{"start":{"line":78,"column":38},"end":{"line":78,"column":null}},"type":"cond-expr","locations":[{"start":{"line":78,"column":65},"end":{"line":78,"column":76}},{"start":{"line":78,"column":76},"end":{"line":78,"column":null}}],"line":78},"4":{"loc":{"start":{"line":86,"column":38},"end":{"line":86,"column":null}},"type":"cond-expr","locations":[{"start":{"line":86,"column":64},"end":{"line":86,"column":75}},{"start":{"line":86,"column":75},"end":{"line":86,"column":null}}],"line":86},"5":{"loc":{"start":{"line":94,"column":38},"end":{"line":94,"column":null}},"type":"cond-expr","locations":[{"start":{"line":94,"column":67},"end":{"line":94,"column":78}},{"start":{"line":94,"column":78},"end":{"line":94,"column":null}}],"line":94},"6":{"loc":{"start":{"line":102,"column":38},"end":{"line":102,"column":null}},"type":"cond-expr","locations":[{"start":{"line":102,"column":60},"end":{"line":102,"column":71}},{"start":{"line":102,"column":71},"end":{"line":102,"column":null}}],"line":102},"7":{"loc":{"start":{"line":110,"column":38},"end":{"line":110,"column":null}},"type":"cond-expr","locations":[{"start":{"line":110,"column":65},"end":{"line":110,"column":76}},{"start":{"line":110,"column":76},"end":{"line":110,"column":null}}],"line":110},"8":{"loc":{"start":{"line":118,"column":38},"end":{"line":118,"column":null}},"type":"cond-expr","locations":[{"start":{"line":118,"column":69},"end":{"line":118,"column":80}},{"start":{"line":118,"column":80},"end":{"line":118,"column":null}}],"line":118},"9":{"loc":{"start":{"line":129,"column":9},"end":{"line":129,"column":null}},"type":"binary-expr","locations":[{"start":{"line":129,"column":9},"end":{"line":129,"column":37}},{"start":{"line":129,"column":37},"end":{"line":129,"column":null}}],"line":129},"10":{"loc":{"start":{"line":130,"column":9},"end":{"line":130,"column":null}},"type":"binary-expr","locations":[{"start":{"line":130,"column":9},"end":{"line":130,"column":36}},{"start":{"line":130,"column":36},"end":{"line":130,"column":null}}],"line":130},"11":{"loc":{"start":{"line":131,"column":9},"end":{"line":131,"column":null}},"type":"binary-expr","locations":[{"start":{"line":131,"column":9},"end":{"line":131,"column":39}},{"start":{"line":131,"column":39},"end":{"line":131,"column":null}}],"line":131},"12":{"loc":{"start":{"line":132,"column":9},"end":{"line":132,"column":null}},"type":"binary-expr","locations":[{"start":{"line":132,"column":9},"end":{"line":132,"column":32}},{"start":{"line":132,"column":32},"end":{"line":132,"column":null}}],"line":132},"13":{"loc":{"start":{"line":134,"column":9},"end":{"line":208,"column":null}},"type":"binary-expr","locations":[{"start":{"line":134,"column":9},"end":{"line":134,"column":null}},{"start":{"line":135,"column":10},"end":{"line":208,"column":null}}],"line":134},"14":{"loc":{"start":{"line":167,"column":59},"end":{"line":167,"column":null}},"type":"cond-expr","locations":[{"start":{"line":167,"column":71},"end":{"line":167,"column":83}},{"start":{"line":167,"column":83},"end":{"line":167,"column":null}}],"line":167},"15":{"loc":{"start":{"line":172,"column":19},"end":{"line":173,"column":31}},"type":"cond-expr","locations":[{"start":{"line":172,"column":31},"end":{"line":172,"column":75}},{"start":{"line":172,"column":74},"end":{"line":173,"column":31}}],"line":172},"16":{"loc":{"start":{"line":173,"column":19},"end":{"line":173,"column":null}},"type":"cond-expr","locations":[{"start":{"line":173,"column":31},"end":{"line":173,"column":57}},{"start":{"line":173,"column":57},"end":{"line":173,"column":null}}],"line":173},"17":{"loc":{"start":{"line":179,"column":17},"end":{"line":206,"column":null}},"type":"cond-expr","locations":[{"start":{"line":180,"column":18},"end":{"line":201,"column":19}},{"start":{"line":201,"column":18},"end":{"line":206,"column":null}}],"line":179},"18":{"loc":{"start":{"line":185,"column":23},"end":{"line":191,"column":null}},"type":"binary-expr","locations":[{"start":{"line":185,"column":23},"end":{"line":185,"column":null}},{"start":{"line":186,"column":24},"end":{"line":191,"column":null}}],"line":185},"19":{"loc":{"start":{"line":192,"column":21},"end":{"line":196,"column":null}},"type":"binary-expr","locations":[{"start":{"line":192,"column":21},"end":{"line":192,"column":null}},{"start":{"line":193,"column":22},"end":{"line":196,"column":null}}],"line":192},"20":{"loc":{"start":{"line":211,"column":9},"end":{"line":280,"column":null}},"type":"binary-expr","locations":[{"start":{"line":211,"column":9},"end":{"line":211,"column":null}},{"start":{"line":212,"column":10},"end":{"line":280,"column":null}}],"line":211},"21":{"loc":{"start":{"line":234,"column":59},"end":{"line":234,"column":null}},"type":"cond-expr","locations":[{"start":{"line":234,"column":71},"end":{"line":234,"column":83}},{"start":{"line":234,"column":83},"end":{"line":234,"column":null}}],"line":234},"22":{"loc":{"start":{"line":239,"column":19},"end":{"line":240,"column":31}},"type":"cond-expr","locations":[{"start":{"line":239,"column":31},"end":{"line":239,"column":75}},{"start":{"line":239,"column":74},"end":{"line":240,"column":31}}],"line":239},"23":{"loc":{"start":{"line":240,"column":19},"end":{"line":240,"column":null}},"type":"cond-expr","locations":[{"start":{"line":240,"column":31},"end":{"line":240,"column":65}},{"start":{"line":240,"column":65},"end":{"line":240,"column":null}}],"line":240},"24":{"loc":{"start":{"line":246,"column":17},"end":{"line":278,"column":null}},"type":"cond-expr","locations":[{"start":{"line":247,"column":18},"end":{"line":273,"column":19}},{"start":{"line":273,"column":18},"end":{"line":278,"column":null}}],"line":246},"25":{"loc":{"start":{"line":250,"column":64},"end":{"line":250,"column":120}},"type":"cond-expr","locations":[{"start":{"line":250,"column":95},"end":{"line":250,"column":106}},{"start":{"line":250,"column":106},"end":{"line":250,"column":120}}],"line":250},"26":{"loc":{"start":{"line":250,"column":120},"end":{"line":250,"column":177}},"type":"cond-expr","locations":[{"start":{"line":250,"column":151},"end":{"line":250,"column":164}},{"start":{"line":250,"column":164},"end":{"line":250,"column":177}}],"line":250},"27":{"loc":{"start":{"line":253,"column":73},"end":{"line":253,"column":137}},"type":"cond-expr","locations":[{"start":{"line":253,"column":112},"end":{"line":253,"column":123}},{"start":{"line":253,"column":123},"end":{"line":253,"column":137}}],"line":253}},"s":{"0":27,"1":27,"2":27,"3":27,"4":27,"5":27,"6":27,"7":27,"8":27,"9":2,"10":2,"11":2,"12":2,"13":1,"14":1,"15":1,"16":0,"17":1,"18":2,"19":27,"20":2,"21":2,"22":2,"23":2,"24":1,"25":1,"26":1,"27":0,"28":1,"29":2,"30":27,"31":0,"32":1,"33":1,"34":1,"35":3,"36":3,"37":0,"38":0,"39":0,"40":1},"f":{"0":27,"1":2,"2":2,"3":0,"4":1,"5":1,"6":1,"7":3,"8":3,"9":0,"10":0,"11":0,"12":1},"b":{"0":[1,0],"1":[0,0],"2":[1,0],"3":[10,17],"4":[1,26],"5":[1,26],"6":[1,26],"7":[7,20],"8":[7,20],"9":[27,10],"10":[27,1],"11":[27,1],"12":[27,1],"13":[27,7],"14":[2,5],"15":[2,5],"16":[2,5],"17":[2,5],"18":[2,1],"19":[2,1],"20":[27,7],"21":[2,5],"22":[2,5],"23":[2,5],"24":[2,5],"25":[0,2],"26":[0,2],"27":[0,2]},"meta":{"lastBranch":28,"lastFunction":13,"lastStatement":41,"seen":{"f:11:9:11:15":0,"s:12:20:12:Infinity":0,"s:15:26:15:Infinity":1,"s:16:22:16:Infinity":2,"s:17:20:17:Infinity":3,"s:18:24:18:Infinity":4,"s:21:20:21:Infinity":5,"s:22:20:22:Infinity":6,"s:23:24:23:Infinity":7,"s:25:24:45:Infinity":8,"f:25:24:25:36":1,"s:26:4:26:Infinity":9,"s:27:4:27:Infinity":10,"s:28:4:44:Infinity":11,"s:29:23:33:Infinity":12,"s:34:19:34:Infinity":13,"b:35:6:39:Infinity:37:13:39:Infinity":0,"s:35:6:39:Infinity":14,"s:36:8:36:Infinity":15,"s:38:8:38:Infinity":16,"b:38:51:38:65:38:65:38:92":1,"s:41:6:41:Infinity":17,"s:43:6:43:Infinity":18,"s:47:24:67:Infinity":19,"f:47:24:47:36":2,"s:48:4:48:Infinity":20,"s:49:4:49:Infinity":21,"s:50:4:66:Infinity":22,"s:51:23:55:Infinity":23,"s:56:19:56:Infinity":24,"b:57:6:61:Infinity:59:13:61:Infinity":2,"s:57:6:61:Infinity":25,"s:58:8:58:Infinity":26,"s:60:8:60:Infinity":27,"s:63:6:63:Infinity":28,"s:65:6:65:Infinity":29,"s:69:2:283:Infinity":30,"b:78:65:78:76:78:76:78:Infinity":3,"f:79:12:79:27":3,"s:79:27:79:Infinity":31,"b:86:64:86:75:86:75:86:Infinity":4,"f:87:12:87:27":4,"s:87:27:87:Infinity":32,"b:94:67:94:78:94:78:94:Infinity":5,"f:95:12:95:27":5,"s:95:27:95:Infinity":33,"b:102:60:102:71:102:71:102:Infinity":6,"f:103:12:103:27":6,"s:103:27:103:Infinity":34,"b:110:65:110:76:110:76:110:Infinity":7,"f:111:12:111:27":7,"s:111:27:111:Infinity":35,"b:118:69:118:80:118:80:118:Infinity":8,"f:119:12:119:27":8,"s:119:27:119:Infinity":36,"b:129:9:129:37:129:37:129:Infinity":9,"b:130:9:130:36:130:36:130:Infinity":10,"b:131:9:131:39:131:39:131:Infinity":11,"b:132:9:132:32:132:32:132:Infinity":12,"b:134:9:134:Infinity:135:10:208:Infinity":13,"f:152:20:152:30":9,"s:152:35:152:Infinity":37,"f:161:20:161:30":10,"s:161:35:161:Infinity":38,"b:167:71:167:83:167:83:167:Infinity":14,"b:172:31:172:75:172:74:173:31":15,"b:173:31:173:57:173:57:173:Infinity":16,"b:180:18:201:19:201:18:206:Infinity":17,"b:185:23:185:Infinity:186:24:191:Infinity":18,"b:192:21:192:Infinity:193:22:196:Infinity":19,"b:211:9:211:Infinity:212:10:280:Infinity":20,"f:228:20:228:30":11,"s:228:35:228:Infinity":39,"b:234:71:234:83:234:83:234:Infinity":21,"b:239:31:239:75:239:74:240:31":22,"b:240:31:240:65:240:65:240:Infinity":23,"b:247:18:273:19:273:18:278:Infinity":24,"b:250:95:250:106:250:106:250:120":25,"b:250:151:250:164:250:164:250:177":26,"b:253:112:253:123:253:123:253:137":27,"f:263:50:263:55":12,"s:264:24:268:Infinity":40}}}
,"/home/edohwares/Desktop/Room/drips/Ndanusa/crucible/frontend/src/components/ContractAbiExplorer.css": {"path":"/home/edohwares/Desktop/Room/drips/Ndanusa/crucible/frontend/src/components/ContractAbiExplorer.css","statementMap":{},"fnMap":{},"branchMap":{},"s":{},"f":{},"b":{},"meta":{"lastBranch":0,"lastFunction":0,"lastStatement":0,"seen":{}}}
,"/home/edohwares/Desktop/Room/drips/Ndanusa/crucible/frontend/src/components/ContractAbiExplorer.tsx": {"path":"/home/edohwares/Desktop/Room/drips/Ndanusa/crucible/frontend/src/components/ContractAbiExplorer.tsx","statementMap":{"0":{"start":{"line":21,"column":37},"end":{"line":85,"column":null}},"1":{"start":{"line":87,"column":13},"end":{"line":296,"column":null}},"2":{"start":{"line":88,"column":32},"end":{"line":88,"column":null}},"3":{"start":{"line":89,"column":28},"end":{"line":89,"column":null}},"4":{"start":{"line":90,"column":17},"end":{"line":90,"column":null}},"5":{"start":{"line":91,"column":26},"end":{"line":91,"column":null}},"6":{"start":{"line":92,"column":20},"end":{"line":92,"column":null}},"7":{"start":{"line":94,"column":19},"end":{"line":94,"column":null}},"8":{"start":{"line":95,"column":15},"end":{"line":95,"column":null}},"9":{"start":{"line":97,"column":8},"end":{"line":102,"column":null}},"10":{"start":{"line":98,"column":4},"end":{"line":101,"column":null}},"11":{"start":{"line":98,"column":23},"end":{"line":101,"column":6}},"12":{"start":{"line":104,"column":8},"end":{"line":144,"column":null}},"13":{"start":{"line":105,"column":4},"end":{"line":105,"column":null}},"14":{"start":{"line":106,"column":4},"end":{"line":106,"column":null}},"15":{"start":{"line":109,"column":4},"end":{"line":143,"column":null}},"16":{"start":{"line":110,"column":6},"end":{"line":110,"column":null}},"17":{"start":{"line":113,"column":24},"end":{"line":113,"column":null}},"18":{"start":{"line":114,"column":20},"end":{"line":114,"column":null}},"19":{"start":{"line":116,"column":6},"end":{"line":129,"column":null}},"20":{"start":{"line":117,"column":8},"end":{"line":121,"column":null}},"21":{"start":{"line":118,"column":10},"end":{"line":118,"column":null}},"22":{"start":{"line":120,"column":10},"end":{"line":120,"column":null}},"23":{"start":{"line":122,"column":13},"end":{"line":129,"column":null}},"24":{"start":{"line":123,"column":20},"end":{"line":123,"column":null}},"25":{"start":{"line":124,"column":8},"end":{"line":128,"column":null}},"26":{"start":{"line":125,"column":10},"end":{"line":125,"column":null}},"27":{"start":{"line":127,"column":10},"end":{"line":127,"column":null}},"28":{"start":{"line":131,"column":6},"end":{"line":142,"column":null}},"29":{"start":{"line":146,"column":8},"end":{"line":151,"column":null}},"30":{"start":{"line":147,"column":4},"end":{"line":147,"column":null}},"31":{"start":{"line":148,"column":4},"end":{"line":148,"column":null}},"32":{"start":{"line":149,"column":4},"end":{"line":149,"column":null}},"33":{"start":{"line":150,"column":4},"end":{"line":150,"column":null}},"34":{"start":{"line":153,"column":8},"end":{"line":157,"column":null}},"35":{"start":{"line":154,"column":4},"end":{"line":154,"column":null}},"36":{"start":{"line":155,"column":4},"end":{"line":155,"column":null}},"37":{"start":{"line":156,"column":4},"end":{"line":156,"column":null}},"38":{"start":{"line":159,"column":2},"end":{"line":294,"column":null}},"39":{"start":{"line":176,"column":14},"end":{"line":184,"column":null}},"40":{"start":{"line":179,"column":31},"end":{"line":179,"column":null}},"41":{"start":{"line":191,"column":14},"end":{"line":200,"column":null}},"42":{"start":{"line":194,"column":31},"end":{"line":194,"column":null}},"43":{"start":{"line":213,"column":14},"end":{"line":216,"column":null}},"44":{"start":{"line":230,"column":18},"end":{"line":242,"column":null}},"45":{"start":{"line":239,"column":37},"end":{"line":239,"column":null}},"46":{"start":{"line":283,"column":20},"end":{"line":286,"column":null}}},"fnMap":{"0":{"name":"(anonymous_0)","decl":{"start":{"line":87,"column":13},"end":{"line":87,"column":51}},"loc":{"start":{"line":87,"column":51},"end":{"line":296,"column":null}},"line":87},"1":{"name":"(anonymous_1)","decl":{"start":{"line":97,"column":8},"end":{"line":97,"column":29}},"loc":{"start":{"line":97,"column":64},"end":{"line":102,"column":null}},"line":97},"2":{"name":"(anonymous_2)","decl":{"start":{"line":98,"column":4},"end":{"line":98,"column":14}},"loc":{"start":{"line":98,"column":23},"end":{"line":101,"column":6}},"line":98},"3":{"name":"(anonymous_3)","decl":{"start":{"line":104,"column":8},"end":{"line":104,"column":35}},"loc":{"start":{"line":104,"column":35},"end":{"line":144,"column":null}},"line":104},"4":{"name":"(anonymous_4)","decl":{"start":{"line":109,"column":4},"end":{"line":109,"column":21}},"loc":{"start":{"line":109,"column":21},"end":{"line":143,"column":7}},"line":109},"5":{"name":"(anonymous_5)","decl":{"start":{"line":146,"column":8},"end":{"line":146,"column":32}},"loc":{"start":{"line":146,"column":48},"end":{"line":151,"column":null}},"line":146},"6":{"name":"(anonymous_6)","decl":{"start":{"line":153,"column":8},"end":{"line":153,"column":28}},"loc":{"start":{"line":153,"column":44},"end":{"line":157,"column":null}},"line":153},"7":{"name":"(anonymous_7)","decl":{"start":{"line":175,"column":27},"end":{"line":175,"column":32}},"loc":{"start":{"line":176,"column":14},"end":{"line":184,"column":null}},"line":176},"8":{"name":"(anonymous_8)","decl":{"start":{"line":179,"column":16},"end":{"line":179,"column":31}},"loc":{"start":{"line":179,"column":31},"end":{"line":179,"column":null}},"line":179},"9":{"name":"(anonymous_9)","decl":{"start":{"line":190,"column":32},"end":{"line":190,"column":37}},"loc":{"start":{"line":191,"column":14},"end":{"line":200,"column":null}},"line":191},"10":{"name":"(anonymous_10)","decl":{"start":{"line":194,"column":16},"end":{"line":194,"column":31}},"loc":{"start":{"line":194,"column":31},"end":{"line":194,"column":null}},"line":194},"11":{"name":"(anonymous_11)","decl":{"start":{"line":212,"column":23},"end":{"line":212,"column":28}},"loc":{"start":{"line":213,"column":14},"end":{"line":216,"column":null}},"line":213},"12":{"name":"(anonymous_12)","decl":{"start":{"line":229,"column":27},"end":{"line":229,"column":31}},"loc":{"start":{"line":230,"column":18},"end":{"line":242,"column":null}},"line":230},"13":{"name":"(anonymous_13)","decl":{"start":{"line":239,"column":22},"end":{"line":239,"column":32}},"loc":{"start":{"line":239,"column":37},"end":{"line":239,"column":null}},"line":239},"14":{"name":"(anonymous_14)","decl":{"start":{"line":282,"column":42},"end":{"line":282,"column":47}},"loc":{"start":{"line":283,"column":20},"end":{"line":286,"column":null}},"line":283}},"branchMap":{"0":{"loc":{"start":{"line":95,"column":15},"end":{"line":95,"column":null}},"type":"binary-expr","locations":[{"start":{"line":95,"column":15},"end":{"line":95,"column":56}},{"start":{"line":95,"column":56},"end":{"line":95,"column":null}}],"line":95},"1":{"loc":{"start":{"line":116,"column":6},"end":{"line":129,"column":null}},"type":"if","locations":[{"start":{"line":116,"column":6},"end":{"line":129,"column":null}},{"start":{"line":122,"column":13},"end":{"line":129,"column":null}}],"line":116},"2":{"loc":{"start":{"line":117,"column":8},"end":{"line":121,"column":null}},"type":"if","locations":[{"start":{"line":117,"column":8},"end":{"line":121,"column":null}},{"start":{"line":119,"column":15},"end":{"line":121,"column":null}}],"line":117},"3":{"loc":{"start":{"line":122,"column":13},"end":{"line":129,"column":null}},"type":"if","locations":[{"start":{"line":122,"column":13},"end":{"line":129,"column":null}},{"start":{},"end":{}}],"line":122},"4":{"loc":{"start":{"line":123,"column":20},"end":{"line":123,"column":null}},"type":"binary-expr","locations":[{"start":{"line":123,"column":20},"end":{"line":123,"column":40}},{"start":{"line":123,"column":40},"end":{"line":123,"column":null}}],"line":123},"5":{"loc":{"start":{"line":124,"column":8},"end":{"line":128,"column":null}},"type":"if","locations":[{"start":{"line":124,"column":8},"end":{"line":128,"column":null}},{"start":{"line":126,"column":15},"end":{"line":128,"column":null}}],"line":124},"6":{"loc":{"start":{"line":124,"column":12},"end":{"line":124,"column":65}},"type":"binary-expr","locations":[{"start":{"line":124,"column":12},"end":{"line":124,"column":39}},{"start":{"line":124,"column":39},"end":{"line":124,"column":65}}],"line":124},"7":{"loc":{"start":{"line":178,"column":48},"end":{"line":178,"column":null}},"type":"cond-expr","locations":[{"start":{"line":178,"column":80},"end":{"line":178,"column":91}},{"start":{"line":178,"column":91},"end":{"line":178,"column":null}}],"line":178},"8":{"loc":{"start":{"line":193,"column":46},"end":{"line":193,"column":null}},"type":"cond-expr","locations":[{"start":{"line":193,"column":74},"end":{"line":193,"column":85}},{"start":{"line":193,"column":85},"end":{"line":193,"column":null}}],"line":193},"9":{"loc":{"start":{"line":215,"column":17},"end":{"line":215,"column":null}},"type":"cond-expr","locations":[{"start":{"line":215,"column":44},"end":{"line":215,"column":51}},{"start":{"line":215,"column":51},"end":{"line":215,"column":null}}],"line":215},"10":{"loc":{"start":{"line":222,"column":13},"end":{"line":244,"column":null}},"type":"cond-expr","locations":[{"start":{"line":223,"column":14},"end":{"line":228,"column":15}},{"start":{"line":228,"column":14},"end":{"line":244,"column":null}}],"line":222},"11":{"loc":{"start":{"line":236,"column":28},"end":{"line":236,"column":null}},"type":"cond-expr","locations":[{"start":{"line":236,"column":72},"end":{"line":236,"column":83}},{"start":{"line":236,"column":83},"end":{"line":236,"column":null}}],"line":236},"12":{"loc":{"start":{"line":236,"column":28},"end":{"line":236,"column":72}},"type":"binary-expr","locations":[{"start":{"line":236,"column":28},"end":{"line":236,"column":50}},{"start":{"line":236,"column":50},"end":{"line":236,"column":72}}],"line":236},"13":{"loc":{"start":{"line":238,"column":29},"end":{"line":238,"column":null}},"type":"binary-expr","locations":[{"start":{"line":238,"column":29},"end":{"line":238,"column":49}},{"start":{"line":238,"column":49},"end":{"line":238,"column":null}}],"line":238},"14":{"loc":{"start":{"line":249,"column":38},"end":{"line":249,"column":null}},"type":"cond-expr","locations":[{"start":{"line":249,"column":50},"end":{"line":249,"column":62}},{"start":{"line":249,"column":62},"end":{"line":249,"column":null}}],"line":249},"15":{"loc":{"start":{"line":254,"column":13},"end":{"line":254,"column":null}},"type":"cond-expr","locations":[{"start":{"line":254,"column":25},"end":{"line":254,"column":53}},{"start":{"line":254,"column":53},"end":{"line":254,"column":null}}],"line":254},"16":{"loc":{"start":{"line":255,"column":13},"end":{"line":256,"column":null}},"type":"binary-expr","locations":[{"start":{"line":255,"column":13},"end":{"line":255,"column":27}},{"start":{"line":255,"column":27},"end":{"line":256,"column":null}}],"line":255},"17":{"loc":{"start":{"line":258,"column":11},"end":{"line":290,"column":null}},"type":"binary-expr","locations":[{"start":{"line":258,"column":11},"end":{"line":258,"column":null}},{"start":{"line":259,"column":12},"end":{"line":290,"column":null}}],"line":258},"18":{"loc":{"start":{"line":279,"column":15},"end":{"line":288,"column":null}},"type":"binary-expr","locations":[{"start":{"line":279,"column":15},"end":{"line":279,"column":41}},{"start":{"line":279,"column":41},"end":{"line":279,"column":null}},{"start":{"line":280,"column":16},"end":{"line":288,"column":null}}],"line":279}},"s":{"0":2,"1":2,"2":27,"3":27,"4":27,"5":27,"6":27,"7":27,"8":27,"9":27,"10":1,"11":1,"12":27,"13":5,"14":5,"15":5,"16":4,"17":4,"18":4,"19":4,"20":2,"21":1,"22":1,"23":2,"24":2,"25":2,"26":1,"27":1,"28":4,"29":27,"30":3,"31":3,"32":3,"33":3,"34":27,"35":5,"36":5,"37":5,"38":27,"39":81,"40":3,"41":99,"42":5,"43":21,"44":21,"45":1,"46":4},"f":{"0":27,"1":1,"2":1,"3":5,"4":4,"5":3,"6":5,"7":81,"8":3,"9":99,"10":5,"11":21,"12":21,"13":1,"14":4},"b":{"0":[27,0],"1":[2,2],"2":[1,1],"3":[2,0],"4":[2,1],"5":[1,1],"6":[2,1],"7":[27,54],"8":[27,72],"9":[8,13],"10":[14,13],"11":[9,12],"12":[21,18],"13":[21,18],"14":[5,22],"15":[5,22],"16":[27,22],"17":[27,4],"18":[4,4,4]},"meta":{"lastBranch":19,"lastFunction":15,"lastStatement":47,"seen":{"s:21:37:85:Infinity":0,"s:87:13:296:Infinity":1,"f:87:13:87:51":0,"s:88:32:88:Infinity":2,"s:89:28:89:Infinity":3,"s:90:17:90:Infinity":4,"s:91:26:91:Infinity":5,"s:92:20:92:Infinity":6,"s:94:19:94:Infinity":7,"s:95:15:95:Infinity":8,"b:95:15:95:56:95:56:95:Infinity":0,"s:97:8:102:Infinity":9,"f:97:8:97:29":1,"s:98:4:101:Infinity":10,"f:98:4:98:14":2,"s:98:23:101:6":11,"s:104:8:144:Infinity":12,"f:104:8:104:35":3,"s:105:4:105:Infinity":13,"s:106:4:106:Infinity":14,"s:109:4:143:Infinity":15,"f:109:4:109:21":4,"s:110:6:110:Infinity":16,"s:113:24:113:Infinity":17,"s:114:20:114:Infinity":18,"b:116:6:129:Infinity:122:13:129:Infinity":1,"s:116:6:129:Infinity":19,"b:117:8:121:Infinity:119:15:121:Infinity":2,"s:117:8:121:Infinity":20,"s:118:10:118:Infinity":21,"s:120:10:120:Infinity":22,"b:122:13:129:Infinity:undefined:undefined:undefined:undefined":3,"s:122:13:129:Infinity":23,"s:123:20:123:Infinity":24,"b:123:20:123:40:123:40:123:Infinity":4,"b:124:8:128:Infinity:126:15:128:Infinity":5,"s:124:8:128:Infinity":25,"b:124:12:124:39:124:39:124:65":6,"s:125:10:125:Infinity":26,"s:127:10:127:Infinity":27,"s:131:6:142:Infinity":28,"s:146:8:151:Infinity":29,"f:146:8:146:32":5,"s:147:4:147:Infinity":30,"s:148:4:148:Infinity":31,"s:149:4:149:Infinity":32,"s:150:4:150:Infinity":33,"s:153:8:157:Infinity":34,"f:153:8:153:28":6,"s:154:4:154:Infinity":35,"s:155:4:155:Infinity":36,"s:156:4:156:Infinity":37,"s:159:2:294:Infinity":38,"f:175:27:175:32":7,"s:176:14:184:Infinity":39,"b:178:80:178:91:178:91:178:Infinity":7,"f:179:16:179:31":8,"s:179:31:179:Infinity":40,"f:190:32:190:37":9,"s:191:14:200:Infinity":41,"b:193:74:193:85:193:85:193:Infinity":8,"f:194:16:194:31":10,"s:194:31:194:Infinity":42,"f:212:23:212:28":11,"s:213:14:216:Infinity":43,"b:215:44:215:51:215:51:215:Infinity":9,"b:223:14:228:15:228:14:244:Infinity":10,"f:229:27:229:31":12,"s:230:18:242:Infinity":44,"b:236:72:236:83:236:83:236:Infinity":11,"b:236:28:236:50:236:50:236:72":12,"b:238:29:238:49:238:49:238:Infinity":13,"f:239:22:239:32":13,"s:239:37:239:Infinity":45,"b:249:50:249:62:249:62:249:Infinity":14,"b:254:25:254:53:254:53:254:Infinity":15,"b:255:13:255:27:255:27:256:Infinity":16,"b:258:11:258:Infinity:259:12:290:Infinity":17,"b:279:15:279:41:279:41:279:Infinity:280:16:288:Infinity":18,"f:282:42:282:47":14,"s:283:20:286:Infinity":46}}}
,"/home/edohwares/Desktop/Room/drips/Ndanusa/crucible/frontend/src/components/DeveloperOnboardingTutorial.css": {"path":"/home/edohwares/Desktop/Room/drips/Ndanusa/crucible/frontend/src/components/DeveloperOnboardingTutorial.css","statementMap":{},"fnMap":{},"branchMap":{},"s":{},"f":{},"b":{},"meta":{"lastBranch":0,"lastFunction":0,"lastStatement":0,"seen":{}}}
,"/home/edohwares/Desktop/Room/drips/Ndanusa/crucible/frontend/src/components/DeveloperOnboardingTutorial.tsx": {"path":"/home/edohwares/Desktop/Room/drips/Ndanusa/crucible/frontend/src/components/DeveloperOnboardingTutorial.tsx","statementMap":{"0":{"start":{"line":13,"column":13},"end":{"line":224,"column":null}},"1":{"start":{"line":14,"column":26},"end":{"line":14,"column":null}},"2":{"start":{"line":15,"column":25},"end":{"line":15,"column":null}},"3":{"start":{"line":17,"column":24},"end":{"line":125,"column":null}},"4":{"start":{"line":127,"column":8},"end":{"line":134,"column":null}},"5":{"start":{"line":128,"column":4},"end":{"line":130,"column":null}},"6":{"start":{"line":129,"column":6},"end":{"line":129,"column":null}},"7":{"start":{"line":131,"column":4},"end":{"line":133,"column":null}},"8":{"start":{"line":132,"column":6},"end":{"line":132,"column":null}},"9":{"start":{"line":136,"column":8},"end":{"line":140,"column":null}},"10":{"start":{"line":137,"column":4},"end":{"line":139,"column":null}},"11":{"start":{"line":138,"column":6},"end":{"line":138,"column":null}},"12":{"start":{"line":142,"column":21},"end":{"line":142,"column":null}},"13":{"start":{"line":144,"column":2},"end":{"line":222,"column":null}},"14":{"start":{"line":154,"column":29},"end":{"line":154,"column":null}},"15":{"start":{"line":155,"column":32},"end":{"line":155,"column":null}},"16":{"start":{"line":157,"column":12},"end":{"line":171,"column":null}},"17":{"start":{"line":161,"column":31},"end":{"line":161,"column":null}},"18":{"start":{"line":202,"column":18},"end":{"line":204,"column":null}},"19":{"start":{"line":203,"column":20},"end":{"line":203,"column":null}}},"fnMap":{"0":{"name":"(anonymous_0)","decl":{"start":{"line":13,"column":13},"end":{"line":13,"column":59}},"loc":{"start":{"line":13,"column":59},"end":{"line":224,"column":null}},"line":13},"1":{"name":"(anonymous_1)","decl":{"start":{"line":127,"column":8},"end":{"line":127,"column":27}},"loc":{"start":{"line":127,"column":27},"end":{"line":134,"column":null}},"line":127},"2":{"name":"(anonymous_2)","decl":{"start":{"line":136,"column":8},"end":{"line":136,"column":27}},"loc":{"start":{"line":136,"column":27},"end":{"line":140,"column":null}},"line":136},"3":{"name":"(anonymous_3)","decl":{"start":{"line":153,"column":17},"end":{"line":153,"column":22}},"loc":{"start":{"line":153,"column":38},"end":{"line":173,"column":11}},"line":153},"4":{"name":"(anonymous_4)","decl":{"start":{"line":161,"column":16},"end":{"line":161,"column":31}},"loc":{"start":{"line":161,"column":31},"end":{"line":161,"column":null}},"line":161},"5":{"name":"(anonymous_5)","decl":{"start":{"line":201,"column":16},"end":{"line":201,"column":31}},"loc":{"start":{"line":201,"column":31},"end":{"line":205,"column":null}},"line":201}},"branchMap":{"0":{"loc":{"start":{"line":128,"column":4},"end":{"line":130,"column":null}},"type":"if","locations":[{"start":{"line":128,"column":4},"end":{"line":130,"column":null}},{"start":{},"end":{}}],"line":128},"1":{"loc":{"start":{"line":131,"column":4},"end":{"line":133,"column":null}},"type":"if","locations":[{"start":{"line":131,"column":4},"end":{"line":133,"column":null}},{"start":{},"end":{}}],"line":131},"2":{"loc":{"start":{"line":137,"column":4},"end":{"line":139,"column":null}},"type":"if","locations":[{"start":{"line":137,"column":4},"end":{"line":139,"column":null}},{"start":{},"end":{}}],"line":137},"3":{"loc":{"start":{"line":160,"column":40},"end":{"line":160,"column":65}},"type":"cond-expr","locations":[{"start":{"line":160,"column":51},"end":{"line":160,"column":62}},{"start":{"line":160,"column":62},"end":{"line":160,"column":65}}],"line":160},"4":{"loc":{"start":{"line":160,"column":68},"end":{"line":160,"column":null}},"type":"cond-expr","locations":[{"start":{"line":160,"column":82},"end":{"line":160,"column":96}},{"start":{"line":160,"column":96},"end":{"line":160,"column":null}}],"line":160},"5":{"loc":{"start":{"line":165,"column":19},"end":{"line":165,"column":null}},"type":"cond-expr","locations":[{"start":{"line":165,"column":46},"end":{"line":165,"column":79}},{"start":{"line":165,"column":74},"end":{"line":165,"column":null}}],"line":165},"6":{"loc":{"start":{"line":165,"column":19},"end":{"line":165,"column":46}},"type":"binary-expr","locations":[{"start":{"line":165,"column":19},"end":{"line":165,"column":34}},{"start":{"line":165,"column":34},"end":{"line":165,"column":46}}],"line":165},"7":{"loc":{"start":{"line":198,"column":13},"end":{"line":219,"column":null}},"type":"cond-expr","locations":[{"start":{"line":199,"column":14},"end":{"line":211,"column":15}},{"start":{"line":211,"column":14},"end":{"line":219,"column":null}}],"line":198},"8":{"loc":{"start":{"line":202,"column":18},"end":{"line":204,"column":null}},"type":"if","locations":[{"start":{"line":202,"column":18},"end":{"line":204,"column":null}},{"start":{},"end":{}}],"line":202}},"s":{"0":2,"1":37,"2":37,"3":37,"4":37,"5":12,"6":11,"7":12,"8":12,"9":37,"10":2,"11":2,"12":37,"13":37,"14":148,"15":148,"16":148,"17":1,"18":2,"19":1},"f":{"0":37,"1":12,"2":2,"3":148,"4":1,"5":2},"b":{"0":[11,1],"1":[12,0],"2":[2,0],"3":[37,111],"4":[24,124],"5":[21,127],"6":[148,24],"7":[3,34],"8":[1,1]},"meta":{"lastBranch":9,"lastFunction":6,"lastStatement":20,"seen":{"s:13:13:224:Infinity":0,"f:13:13:13:59":0,"s:14:26:14:Infinity":1,"s:15:25:15:Infinity":2,"s:17:24:125:Infinity":3,"s:127:8:134:Infinity":4,"f:127:8:127:27":1,"b:128:4:130:Infinity:undefined:undefined:undefined:undefined":0,"s:128:4:130:Infinity":5,"s:129:6:129:Infinity":6,"b:131:4:133:Infinity:undefined:undefined:undefined:undefined":1,"s:131:4:133:Infinity":7,"s:132:6:132:Infinity":8,"s:136:8:140:Infinity":9,"f:136:8:136:27":2,"b:137:4:139:Infinity:undefined:undefined:undefined:undefined":2,"s:137:4:139:Infinity":10,"s:138:6:138:Infinity":11,"s:142:21:142:Infinity":12,"s:144:2:222:Infinity":13,"f:153:17:153:22":3,"s:154:29:154:Infinity":14,"s:155:32:155:Infinity":15,"s:157:12:171:Infinity":16,"b:160:51:160:62:160:62:160:65":3,"b:160:82:160:96:160:96:160:Infinity":4,"f:161:16:161:31":4,"s:161:31:161:Infinity":17,"b:165:46:165:79:165:74:165:Infinity":5,"b:165:19:165:34:165:34:165:46":6,"b:199:14:211:15:211:14:219:Infinity":7,"f:201:16:201:31":5,"b:202:18:204:Infinity:undefined:undefined:undefined:undefined":8,"s:202:18:204:Infinity":18,"s:203:20:203:Infinity":19}}}
,"/home/edohwares/Desktop/Room/drips/Ndanusa/crucible/frontend/src/components/GasCostEstimator.css": {"path":"/home/edohwares/Desktop/Room/drips/Ndanusa/crucible/frontend/src/components/GasCostEstimator.css","statementMap":{},"fnMap":{},"branchMap":{},"s":{},"f":{},"b":{},"meta":{"lastBranch":0,"lastFunction":0,"lastStatement":0,"seen":{}}}
,"/home/edohwares/Desktop/Room/drips/Ndanusa/crucible/frontend/src/components/GasCostEstimator.tsx": {"path":"/home/edohwares/Desktop/Room/drips/Ndanusa/crucible/frontend/src/components/GasCostEstimator.tsx","statementMap":{"0":{"start":{"line":9,"column":23},"end":{"line":17,"column":null}},"1":{"start":{"line":19,"column":22},"end":{"line":24,"column":null}},"2":{"start":{"line":26,"column":13},"end":{"line":170,"column":null}},"3":{"start":{"line":27,"column":27},"end":{"line":27,"column":null}},"4":{"start":{"line":28,"column":21},"end":{"line":28,"column":null}},"5":{"start":{"line":29,"column":23},"end":{"line":29,"column":null}},"6":{"start":{"line":31,"column":19},"end":{"line":31,"column":null}},"7":{"start":{"line":31,"column":43},"end":{"line":31,"column":68}},"8":{"start":{"line":33,"column":8},"end":{"line":35,"column":null}},"9":{"start":{"line":34,"column":4},"end":{"line":34,"column":null}},"10":{"start":{"line":37,"column":8},"end":{"line":42,"column":null}},"11":{"start":{"line":38,"column":4},"end":{"line":38,"column":null}},"12":{"start":{"line":39,"column":4},"end":{"line":41,"column":null}},"13":{"start":{"line":40,"column":6},"end":{"line":40,"column":null}},"14":{"start":{"line":44,"column":8},"end":{"line":49,"column":null}},"15":{"start":{"line":45,"column":4},"end":{"line":48,"column":null}},"16":{"start":{"line":45,"column":36},"end":{"line":48,"column":6}},"17":{"start":{"line":51,"column":2},"end":{"line":168,"column":null}},"18":{"start":{"line":71,"column":16},"end":{"line":78,"column":null}},"19":{"start":{"line":74,"column":33},"end":{"line":74,"column":null}},"20":{"start":{"line":93,"column":31},"end":{"line":93,"column":null}},"21":{"start":{"line":156,"column":112},"end":{"line":156,"column":129}}},"fnMap":{"0":{"name":"(anonymous_0)","decl":{"start":{"line":26,"column":13},"end":{"line":26,"column":48}},"loc":{"start":{"line":26,"column":48},"end":{"line":170,"column":null}},"line":26},"1":{"name":"(anonymous_1)","decl":{"start":{"line":31,"column":33},"end":{"line":31,"column":38}},"loc":{"start":{"line":31,"column":43},"end":{"line":31,"column":68}},"line":31},"2":{"name":"(anonymous_2)","decl":{"start":{"line":33,"column":24},"end":{"line":33,"column":38}},"loc":{"start":{"line":33,"column":38},"end":{"line":35,"column":5}},"line":33},"3":{"name":"(anonymous_3)","decl":{"start":{"line":37,"column":8},"end":{"line":37,"column":31}},"loc":{"start":{"line":37,"column":31},"end":{"line":42,"column":null}},"line":37},"4":{"name":"(anonymous_4)","decl":{"start":{"line":39,"column":4},"end":{"line":39,"column":21}},"loc":{"start":{"line":39,"column":21},"end":{"line":41,"column":7}},"line":39},"5":{"name":"(anonymous_5)","decl":{"start":{"line":44,"column":20},"end":{"line":44,"column":34}},"loc":{"start":{"line":44,"column":34},"end":{"line":49,"column":5}},"line":44},"6":{"name":"(anonymous_6)","decl":{"start":{"line":45,"column":26},"end":{"line":45,"column":30}},"loc":{"start":{"line":45,"column":36},"end":{"line":48,"column":6}},"line":45},"7":{"name":"(anonymous_7)","decl":{"start":{"line":70,"column":29},"end":{"line":70,"column":33}},"loc":{"start":{"line":71,"column":16},"end":{"line":78,"column":null}},"line":71},"8":{"name":"(anonymous_8)","decl":{"start":{"line":74,"column":18},"end":{"line":74,"column":33}},"loc":{"start":{"line":74,"column":33},"end":{"line":74,"column":null}},"line":74},"9":{"name":"(anonymous_9)","decl":{"start":{"line":93,"column":14},"end":{"line":93,"column":25}},"loc":{"start":{"line":93,"column":31},"end":{"line":93,"column":null}},"line":93},"10":{"name":"(anonymous_10)","decl":{"start":{"line":156,"column":88},"end":{"line":156,"column":104}},"loc":{"start":{"line":156,"column":112},"end":{"line":156,"column":129}},"line":156}},"branchMap":{"0":{"loc":{"start":{"line":73,"column":45},"end":{"line":73,"column":null}},"type":"cond-expr","locations":[{"start":{"line":73,"column":73},"end":{"line":73,"column":84}},{"start":{"line":73,"column":84},"end":{"line":73,"column":null}}],"line":73},"1":{"loc":{"start":{"line":119,"column":39},"end":{"line":119,"column":null}},"type":"cond-expr","locations":[{"start":{"line":119,"column":54},"end":{"line":119,"column":69}},{"start":{"line":119,"column":69},"end":{"line":119,"column":null}}],"line":119},"2":{"loc":{"start":{"line":124,"column":13},"end":{"line":124,"column":null}},"type":"cond-expr","locations":[{"start":{"line":124,"column":28},"end":{"line":124,"column":45}},{"start":{"line":124,"column":45},"end":{"line":124,"column":null}}],"line":124},"3":{"loc":{"start":{"line":125,"column":13},"end":{"line":126,"column":null}},"type":"binary-expr","locations":[{"start":{"line":125,"column":13},"end":{"line":125,"column":30}},{"start":{"line":125,"column":30},"end":{"line":126,"column":null}}],"line":125}},"s":{"0":2,"1":2,"2":2,"3":10,"4":10,"5":10,"6":10,"7":11,"8":10,"9":10,"10":10,"11":1,"12":1,"13":1,"14":10,"15":7,"16":49,"17":10,"18":40,"19":2,"20":1,"21":0},"f":{"0":10,"1":11,"2":10,"3":1,"4":1,"5":7,"6":49,"7":40,"8":2,"9":1,"10":0},"b":{"0":[10,30],"1":[1,9],"2":[1,9],"3":[10,9]},"meta":{"lastBranch":4,"lastFunction":11,"lastStatement":22,"seen":{"s:9:23:17:Infinity":0,"s:19:22:24:Infinity":1,"s:26:13:170:Infinity":2,"f:26:13:26:48":0,"s:27:27:27:Infinity":3,"s:28:21:28:Infinity":4,"s:29:23:29:Infinity":5,"s:31:19:31:Infinity":6,"f:31:33:31:38":1,"s:31:43:31:68":7,"s:33:8:35:Infinity":8,"f:33:24:33:38":2,"s:34:4:34:Infinity":9,"s:37:8:42:Infinity":10,"f:37:8:37:31":3,"s:38:4:38:Infinity":11,"s:39:4:41:Infinity":12,"f:39:4:39:21":4,"s:40:6:40:Infinity":13,"s:44:8:49:Infinity":14,"f:44:20:44:34":5,"s:45:4:48:Infinity":15,"f:45:26:45:30":6,"s:45:36:48:6":16,"s:51:2:168:Infinity":17,"f:70:29:70:33":7,"s:71:16:78:Infinity":18,"b:73:73:73:84:73:84:73:Infinity":0,"f:74:18:74:33":8,"s:74:33:74:Infinity":19,"f:93:14:93:25":9,"s:93:31:93:Infinity":20,"b:119:54:119:69:119:69:119:Infinity":1,"b:124:28:124:45:124:45:124:Infinity":2,"b:125:13:125:30:125:30:126:Infinity":3,"f:156:88:156:104":10,"s:156:112:156:129":21}}}
,"/home/edohwares/Desktop/Room/drips/Ndanusa/crucible/frontend/src/components/MultiChainDashboard.css": {"path":"/home/edohwares/Desktop/Room/drips/Ndanusa/crucible/frontend/src/components/MultiChainDashboard.css","statementMap":{},"fnMap":{},"branchMap":{},"s":{},"f":{},"b":{},"meta":{"lastBranch":0,"lastFunction":0,"lastStatement":0,"seen":{}}}
,"/home/edohwares/Desktop/Room/drips/Ndanusa/crucible/frontend/src/components/MultiChainDashboard.tsx": {"path":"/home/edohwares/Desktop/Room/drips/Ndanusa/crucible/frontend/src/components/MultiChainDashboard.tsx","statementMap":{"0":{"start":{"line":17,"column":36},"end":{"line":58,"column":null}},"1":{"start":{"line":60,"column":13},"end":{"line":282,"column":null}},"2":{"start":{"line":61,"column":19},"end":{"line":61,"column":null}},"3":{"start":{"line":62,"column":26},"end":{"line":62,"column":null}},"4":{"start":{"line":63,"column":22},"end":{"line":63,"column":null}},"5":{"start":{"line":66,"column":18},"end":{"line":66,"column":null}},"6":{"start":{"line":67,"column":17},"end":{"line":67,"column":null}},"7":{"start":{"line":68,"column":24},"end":{"line":68,"column":null}},"8":{"start":{"line":70,"column":2},"end":{"line":80,"column":null}},"9":{"start":{"line":71,"column":18},"end":{"line":71,"column":null}},"10":{"start":{"line":72,"column":4},"end":{"line":79,"column":null}},"11":{"start":{"line":73,"column":6},"end":{"line":78,"column":null}},"12":{"start":{"line":74,"column":23},"end":{"line":74,"column":null}},"13":{"start":{"line":75,"column":8},"end":{"line":75,"column":null}},"14":{"start":{"line":77,"column":8},"end":{"line":77,"column":null}},"15":{"start":{"line":82,"column":8},"end":{"line":108,"column":null}},"16":{"start":{"line":83,"column":4},"end":{"line":83,"column":null}},"17":{"start":{"line":84,"column":4},"end":{"line":84,"column":null}},"18":{"start":{"line":84,"column":47},"end":{"line":84,"column":null}},"19":{"start":{"line":86,"column":28},"end":{"line":96,"column":null}},"20":{"start":{"line":98,"column":20},"end":{"line":98,"column":null}},"21":{"start":{"line":98,"column":45},"end":{"line":98,"column":55}},"22":{"start":{"line":99,"column":4},"end":{"line":99,"column":null}},"23":{"start":{"line":100,"column":4},"end":{"line":100,"column":null}},"24":{"start":{"line":101,"column":4},"end":{"line":101,"column":null}},"25":{"start":{"line":104,"column":4},"end":{"line":104,"column":null}},"26":{"start":{"line":105,"column":4},"end":{"line":105,"column":null}},"27":{"start":{"line":106,"column":4},"end":{"line":106,"column":null}},"28":{"start":{"line":107,"column":4},"end":{"line":107,"column":null}},"29":{"start":{"line":110,"column":8},"end":{"line":118,"column":null}},"30":{"start":{"line":111,"column":4},"end":{"line":111,"column":null}},"31":{"start":{"line":112,"column":23},"end":{"line":112,"column":null}},"32":{"start":{"line":112,"column":44},"end":{"line":112,"column":69}},"33":{"start":{"line":113,"column":4},"end":{"line":113,"column":null}},"34":{"start":{"line":114,"column":4},"end":{"line":114,"column":null}},"35":{"start":{"line":115,"column":4},"end":{"line":117,"column":null}},"36":{"start":{"line":116,"column":6},"end":{"line":116,"column":null}},"37":{"start":{"line":120,"column":25},"end":{"line":120,"column":null}},"38":{"start":{"line":120,"column":44},"end":{"line":120,"column":68}},"39":{"start":{"line":122,"column":2},"end":{"line":280,"column":null}},"40":{"start":{"line":140,"column":29},"end":{"line":140,"column":null}},"41":{"start":{"line":157,"column":33},"end":{"line":157,"column":null}},"42":{"start":{"line":168,"column":33},"end":{"line":168,"column":null}},"43":{"start":{"line":179,"column":33},"end":{"line":179,"column":null}},"44":{"start":{"line":185,"column":76},"end":{"line":185,"column":99}},"45":{"start":{"line":193,"column":14},"end":{"line":227,"column":null}},"46":{"start":{"line":196,"column":31},"end":{"line":196,"column":null}},"47":{"start":{"line":220,"column":36},"end":{"line":220,"column":null}}},"fnMap":{"0":{"name":"(anonymous_0)","decl":{"start":{"line":60,"column":13},"end":{"line":60,"column":51}},"loc":{"start":{"line":60,"column":51},"end":{"line":282,"column":null}},"line":60},"1":{"name":"(anonymous_1)","decl":{"start":{"line":70,"column":2},"end":{"line":70,"column":18}},"loc":{"start":{"line":70,"column":18},"end":{"line":80,"column":5}},"line":70},"2":{"name":"(anonymous_2)","decl":{"start":{"line":82,"column":8},"end":{"line":82,"column":28}},"loc":{"start":{"line":82,"column":51},"end":{"line":108,"column":null}},"line":82},"3":{"name":"(anonymous_3)","decl":{"start":{"line":98,"column":33},"end":{"line":98,"column":40}},"loc":{"start":{"line":98,"column":45},"end":{"line":98,"column":55}},"line":98},"4":{"name":"(anonymous_4)","decl":{"start":{"line":110,"column":8},"end":{"line":110,"column":31}},"loc":{"start":{"line":110,"column":67},"end":{"line":118,"column":null}},"line":110},"5":{"name":"(anonymous_5)","decl":{"start":{"line":112,"column":32},"end":{"line":112,"column":39}},"loc":{"start":{"line":112,"column":44},"end":{"line":112,"column":69}},"line":112},"6":{"name":"(anonymous_6)","decl":{"start":{"line":120,"column":34},"end":{"line":120,"column":39}},"loc":{"start":{"line":120,"column":44},"end":{"line":120,"column":68}},"line":120},"7":{"name":"(anonymous_7)","decl":{"start":{"line":140,"column":14},"end":{"line":140,"column":29}},"loc":{"start":{"line":140,"column":29},"end":{"line":140,"column":null}},"line":140},"8":{"name":"(anonymous_8)","decl":{"start":{"line":157,"column":18},"end":{"line":157,"column":28}},"loc":{"start":{"line":157,"column":33},"end":{"line":157,"column":null}},"line":157},"9":{"name":"(anonymous_9)","decl":{"start":{"line":168,"column":18},"end":{"line":168,"column":28}},"loc":{"start":{"line":168,"column":33},"end":{"line":168,"column":null}},"line":168},"10":{"name":"(anonymous_10)","decl":{"start":{"line":179,"column":18},"end":{"line":179,"column":28}},"loc":{"start":{"line":179,"column":33},"end":{"line":179,"column":null}},"line":179},"11":{"name":"(anonymous_11)","decl":{"start":{"line":185,"column":61},"end":{"line":185,"column":76}},"loc":{"start":{"line":185,"column":76},"end":{"line":185,"column":99}},"line":185},"12":{"name":"(anonymous_12)","decl":{"start":{"line":192,"column":22},"end":{"line":192,"column":26}},"loc":{"start":{"line":193,"column":14},"end":{"line":227,"column":null}},"line":193},"13":{"name":"(anonymous_13)","decl":{"start":{"line":196,"column":16},"end":{"line":196,"column":31}},"loc":{"start":{"line":196,"column":31},"end":{"line":196,"column":null}},"line":196},"14":{"name":"(anonymous_14)","decl":{"start":{"line":220,"column":20},"end":{"line":220,"column":30}},"loc":{"start":{"line":220,"column":36},"end":{"line":220,"column":null}},"line":220}},"branchMap":{"0":{"loc":{"start":{"line":72,"column":4},"end":{"line":79,"column":null}},"type":"if","locations":[{"start":{"line":72,"column":4},"end":{"line":79,"column":null}},{"start":{},"end":{}}],"line":72},"1":{"loc":{"start":{"line":84,"column":4},"end":{"line":84,"column":null}},"type":"if","locations":[{"start":{"line":84,"column":4},"end":{"line":84,"column":null}},{"start":{},"end":{}}],"line":84},"2":{"loc":{"start":{"line":84,"column":8},"end":{"line":84,"column":47}},"type":"binary-expr","locations":[{"start":{"line":84,"column":8},"end":{"line":84,"column":20}},{"start":{"line":84,"column":20},"end":{"line":84,"column":31}},{"start":{"line":84,"column":31},"end":{"line":84,"column":47}}],"line":84},"3":{"loc":{"start":{"line":112,"column":44},"end":{"line":112,"column":69}},"type":"binary-expr","locations":[{"start":{"line":112,"column":44},"end":{"line":112,"column":58}},{"start":{"line":112,"column":58},"end":{"line":112,"column":69}}],"line":112},"4":{"loc":{"start":{"line":115,"column":4},"end":{"line":117,"column":null}},"type":"if","locations":[{"start":{"line":115,"column":4},"end":{"line":117,"column":null}},{"start":{},"end":{}}],"line":115},"5":{"loc":{"start":{"line":120,"column":25},"end":{"line":120,"column":null}},"type":"binary-expr","locations":[{"start":{"line":120,"column":25},"end":{"line":120,"column":73}},{"start":{"line":120,"column":73},"end":{"line":120,"column":null}}],"line":120},"6":{"loc":{"start":{"line":148,"column":11},"end":{"line":188,"column":null}},"type":"binary-expr","locations":[{"start":{"line":148,"column":11},"end":{"line":148,"column":null}},{"start":{"line":149,"column":12},"end":{"line":188,"column":null}}],"line":148},"7":{"loc":{"start":{"line":195,"column":43},"end":{"line":195,"column":null}},"type":"cond-expr","locations":[{"start":{"line":195,"column":72},"end":{"line":195,"column":83}},{"start":{"line":195,"column":83},"end":{"line":195,"column":null}}],"line":195},"8":{"loc":{"start":{"line":202,"column":21},"end":{"line":203,"column":null}},"type":"binary-expr","locations":[{"start":{"line":202,"column":21},"end":{"line":202,"column":37}},{"start":{"line":202,"column":37},"end":{"line":203,"column":null}}],"line":202},"9":{"loc":{"start":{"line":217,"column":17},"end":{"line":225,"column":null}},"type":"binary-expr","locations":[{"start":{"line":217,"column":17},"end":{"line":217,"column":null}},{"start":{"line":218,"column":18},"end":{"line":225,"column":null}}],"line":217}},"s":{"0":2,"1":2,"2":15,"3":15,"4":15,"5":15,"6":15,"7":15,"8":15,"9":6,"10":6,"11":1,"12":1,"13":1,"14":1,"15":15,"16":1,"17":1,"18":0,"19":1,"20":1,"21":4,"22":1,"23":1,"24":1,"25":1,"26":1,"27":1,"28":1,"29":15,"30":1,"31":1,"32":5,"33":1,"34":1,"35":1,"36":1,"37":15,"38":32,"39":15,"40":2,"41":1,"42":1,"43":1,"44":1,"45":61,"46":1,"47":1},"f":{"0":15,"1":6,"2":1,"3":4,"4":1,"5":5,"6":32,"7":2,"8":1,"9":1,"10":1,"11":1,"12":61,"13":1,"14":1},"b":{"0":[1,5],"1":[0,1],"2":[1,1,1],"3":[5,1],"4":[1,0],"5":[15,0],"6":[15,5],"7":[15,46],"8":[61,1],"9":[61,1]},"meta":{"lastBranch":10,"lastFunction":15,"lastStatement":48,"seen":{"s:17:36:58:Infinity":0,"s:60:13:282:Infinity":1,"f:60:13:60:51":0,"s:61:19:61:Infinity":2,"s:62:26:62:Infinity":3,"s:63:22:63:Infinity":4,"s:66:18:66:Infinity":5,"s:67:17:67:Infinity":6,"s:68:24:68:Infinity":7,"s:70:2:80:Infinity":8,"f:70:2:70:18":1,"s:71:18:71:Infinity":9,"b:72:4:79:Infinity:undefined:undefined:undefined:undefined":0,"s:72:4:79:Infinity":10,"s:73:6:78:Infinity":11,"s:74:23:74:Infinity":12,"s:75:8:75:Infinity":13,"s:77:8:77:Infinity":14,"s:82:8:108:Infinity":15,"f:82:8:82:28":2,"s:83:4:83:Infinity":16,"b:84:4:84:Infinity:undefined:undefined:undefined:undefined":1,"s:84:4:84:Infinity":17,"b:84:8:84:20:84:20:84:31:84:31:84:47":2,"s:84:47:84:Infinity":18,"s:86:28:96:Infinity":19,"s:98:20:98:Infinity":20,"f:98:33:98:40":3,"s:98:45:98:55":21,"s:99:4:99:Infinity":22,"s:100:4:100:Infinity":23,"s:101:4:101:Infinity":24,"s:104:4:104:Infinity":25,"s:105:4:105:Infinity":26,"s:106:4:106:Infinity":27,"s:107:4:107:Infinity":28,"s:110:8:118:Infinity":29,"f:110:8:110:31":4,"s:111:4:111:Infinity":30,"s:112:23:112:Infinity":31,"f:112:32:112:39":5,"s:112:44:112:69":32,"b:112:44:112:58:112:58:112:69":3,"s:113:4:113:Infinity":33,"s:114:4:114:Infinity":34,"b:115:4:117:Infinity:undefined:undefined:undefined:undefined":4,"s:115:4:117:Infinity":35,"s:116:6:116:Infinity":36,"s:120:25:120:Infinity":37,"b:120:25:120:73:120:73:120:Infinity":5,"f:120:34:120:39":6,"s:120:44:120:68":38,"s:122:2:280:Infinity":39,"f:140:14:140:29":7,"s:140:29:140:Infinity":40,"b:148:11:148:Infinity:149:12:188:Infinity":6,"f:157:18:157:28":8,"s:157:33:157:Infinity":41,"f:168:18:168:28":9,"s:168:33:168:Infinity":42,"f:179:18:179:28":10,"s:179:33:179:Infinity":43,"f:185:61:185:76":11,"s:185:76:185:99":44,"f:192:22:192:26":12,"s:193:14:227:Infinity":45,"b:195:72:195:83:195:83:195:Infinity":7,"f:196:16:196:31":13,"s:196:31:196:Infinity":46,"b:202:21:202:37:202:37:203:Infinity":8,"b:217:17:217:Infinity:218:18:225:Infinity":9,"f:220:20:220:30":14,"s:220:36:220:Infinity":47}}}
}
