{"/home/edohwares/Desktop/Room/drips/ekeleme/crucible/frontend/src/components/GasCostEstimator.css": {"path":"/home/edohwares/Desktop/Room/drips/ekeleme/crucible/frontend/src/components/GasCostEstimator.css","statementMap":{},"fnMap":{},"branchMap":{},"s":{},"f":{},"b":{},"meta":{"lastBranch":0,"lastFunction":0,"lastStatement":0,"seen":{}}}
,"/home/edohwares/Desktop/Room/drips/ekeleme/crucible/frontend/src/components/GasCostEstimator.tsx": {"path":"/home/edohwares/Desktop/Room/drips/ekeleme/crucible/frontend/src/components/GasCostEstimator.tsx","statementMap":{"0":{"start":{"line":9,"column":23},"end":{"line":17,"column":null}},"1":{"start":{"line":19,"column":22},"end":{"line":24,"column":null}},"2":{"start":{"line":26,"column":13},"end":{"line":170,"column":null}},"3":{"start":{"line":27,"column":27},"end":{"line":27,"column":null}},"4":{"start":{"line":28,"column":21},"end":{"line":28,"column":null}},"5":{"start":{"line":29,"column":23},"end":{"line":29,"column":null}},"6":{"start":{"line":31,"column":19},"end":{"line":31,"column":null}},"7":{"start":{"line":31,"column":43},"end":{"line":31,"column":68}},"8":{"start":{"line":33,"column":8},"end":{"line":35,"column":null}},"9":{"start":{"line":34,"column":4},"end":{"line":34,"column":null}},"10":{"start":{"line":37,"column":8},"end":{"line":42,"column":null}},"11":{"start":{"line":38,"column":4},"end":{"line":38,"column":null}},"12":{"start":{"line":39,"column":4},"end":{"line":41,"column":null}},"13":{"start":{"line":40,"column":6},"end":{"line":40,"column":null}},"14":{"start":{"line":44,"column":8},"end":{"line":49,"column":null}},"15":{"start":{"line":45,"column":4},"end":{"line":48,"column":null}},"16":{"start":{"line":45,"column":36},"end":{"line":48,"column":6}},"17":{"start":{"line":51,"column":2},"end":{"line":168,"column":null}},"18":{"start":{"line":71,"column":16},"end":{"line":78,"column":null}},"19":{"start":{"line":74,"column":33},"end":{"line":74,"column":null}},"20":{"start":{"line":93,"column":31},"end":{"line":93,"column":null}},"21":{"start":{"line":156,"column":112},"end":{"line":156,"column":129}}},"fnMap":{"0":{"name":"(anonymous_0)","decl":{"start":{"line":26,"column":13},"end":{"line":26,"column":48}},"loc":{"start":{"line":26,"column":48},"end":{"line":170,"column":null}},"line":26},"1":{"name":"(anonymous_1)","decl":{"start":{"line":31,"column":33},"end":{"line":31,"column":38}},"loc":{"start":{"line":31,"column":43},"end":{"line":31,"column":68}},"line":31},"2":{"name":"(anonymous_2)","decl":{"start":{"line":33,"column":24},"end":{"line":33,"column":38}},"loc":{"start":{"line":33,"column":38},"end":{"line":35,"column":5}},"line":33},"3":{"name":"(anonymous_3)","decl":{"start":{"line":37,"column":8},"end":{"line":37,"column":31}},"loc":{"start":{"line":37,"column":31},"end":{"line":42,"column":null}},"line":37},"4":{"name":"(anonymous_4)","decl":{"start":{"line":39,"column":4},"end":{"line":39,"column":21}},"loc":{"start":{"line":39,"column":21},"end":{"line":41,"column":7}},"line":39},"5":{"name":"(anonymous_5)","decl":{"start":{"line":44,"column":20},"end":{"line":44,"column":34}},"loc":{"start":{"line":44,"column":34},"end":{"line":49,"column":5}},"line":44},"6":{"name":"(anonymous_6)","decl":{"start":{"line":45,"column":26},"end":{"line":45,"column":30}},"loc":{"start":{"line":45,"column":36},"end":{"line":48,"column":6}},"line":45},"7":{"name":"(anonymous_7)","decl":{"start":{"line":70,"column":29},"end":{"line":70,"column":33}},"loc":{"start":{"line":71,"column":16},"end":{"line":78,"column":null}},"line":71},"8":{"name":"(anonymous_8)","decl":{"start":{"line":74,"column":18},"end":{"line":74,"column":33}},"loc":{"start":{"line":74,"column":33},"end":{"line":74,"column":null}},"line":74},"9":{"name":"(anonymous_9)","decl":{"start":{"line":93,"column":14},"end":{"line":93,"column":25}},"loc":{"start":{"line":93,"column":31},"end":{"line":93,"column":null}},"line":93},"10":{"name":"(anonymous_10)","decl":{"start":{"line":156,"column":88},"end":{"line":156,"column":104}},"loc":{"start":{"line":156,"column":112},"end":{"line":156,"column":129}},"line":156}},"branchMap":{"0":{"loc":{"start":{"line":73,"column":45},"end":{"line":73,"column":null}},"type":"cond-expr","locations":[{"start":{"line":73,"column":73},"end":{"line":73,"column":84}},{"start":{"line":73,"column":84},"end":{"line":73,"column":null}}],"line":73},"1":{"loc":{"start":{"line":119,"column":39},"end":{"line":119,"column":null}},"type":"cond-expr","locations":[{"start":{"line":119,"column":54},"end":{"line":119,"column":69}},{"start":{"line":119,"column":69},"end":{"line":119,"column":null}}],"line":119},"2":{"loc":{"start":{"line":124,"column":13},"end":{"line":124,"column":null}},"type":"cond-expr","locations":[{"start":{"line":124,"column":28},"end":{"line":124,"column":45}},{"start":{"line":124,"column":45},"end":{"line":124,"column":null}}],"line":124},"3":{"loc":{"start":{"line":125,"column":13},"end":{"line":126,"column":null}},"type":"binary-expr","locations":[{"start":{"line":125,"column":13},"end":{"line":125,"column":30}},{"start":{"line":125,"column":30},"end":{"line":126,"column":null}}],"line":125}},"s":{"0":1,"1":1,"2":1,"3":9,"4":9,"5":9,"6":9,"7":10,"8":9,"9":9,"10":9,"11":1,"12":1,"13":1,"14":9,"15":6,"16":42,"17":9,"18":36,"19":2,"20":1,"21":0},"f":{"0":9,"1":10,"2":9,"3":1,"4":1,"5":6,"6":42,"7":36,"8":2,"9":1,"10":0},"b":{"0":[9,27],"1":[1,8],"2":[1,8],"3":[9,8]},"meta":{"lastBranch":4,"lastFunction":11,"lastStatement":22,"seen":{"s:9:23:17:Infinity":0,"s:19:22:24:Infinity":1,"s:26:13:170:Infinity":2,"f:26:13:26:48":0,"s:27:27:27:Infinity":3,"s:28:21:28:Infinity":4,"s:29:23:29:Infinity":5,"s:31:19:31:Infinity":6,"f:31:33:31:38":1,"s:31:43:31:68":7,"s:33:8:35:Infinity":8,"f:33:24:33:38":2,"s:34:4:34:Infinity":9,"s:37:8:42:Infinity":10,"f:37:8:37:31":3,"s:38:4:38:Infinity":11,"s:39:4:41:Infinity":12,"f:39:4:39:21":4,"s:40:6:40:Infinity":13,"s:44:8:49:Infinity":14,"f:44:20:44:34":5,"s:45:4:48:Infinity":15,"f:45:26:45:30":6,"s:45:36:48:6":16,"s:51:2:168:Infinity":17,"f:70:29:70:33":7,"s:71:16:78:Infinity":18,"b:73:73:73:84:73:84:73:Infinity":0,"f:74:18:74:33":8,"s:74:33:74:Infinity":19,"f:93:14:93:25":9,"s:93:31:93:Infinity":20,"b:119:54:119:69:119:69:119:Infinity":1,"b:124:28:124:45:124:45:124:Infinity":2,"b:125:13:125:30:125:30:126:Infinity":3,"f:156:88:156:104":10,"s:156:112:156:129":21}}}
}
